#
# An unexpected error has occurred (11)
#
Stack:
/home/joe/Applications/Vivado/2019.1/tps/lnx64/jre9.0.4/lib//server/libjvm.so(+0xb6aadb) [0x7f8224124adb]
/home/joe/Applications/Vivado/2019.1/tps/lnx64/jre9.0.4/lib//server/libjvm.so(JVM_handle_linux_signal+0xbb) [0x7f8224129e1b]
/home/joe/Applications/Vivado/2019.1/tps/lnx64/jre9.0.4/lib//server/libjvm.so(+0xb647b8) [0x7f822411e7b8]
/lib/x86_64-linux-gnu/libc.so.6(+0x3ef20) [0x7f826be6df20]
/home/joe/Applications/Vivado/2019.1/lib/lnx64.o/librdi_simbridge_kernel.so(SimBridge::CArray::empty() const+0) [0x7f822914e7b0]
/home/joe/Applications/Vivado/2019.1/lib/lnx64.o/librdi_simbridge_kernel.so(SimBridge::WdbEventBlock::addBlock(SimBridge::WdbIBlockManager&, unsigned int&) const+0x1e) [0x7f822914ee8e]
/home/joe/Applications/Vivado/2019.1/lib/lnx64.o/librdi_simbridge_kernel.so(SimBridge::WdbMultipleBucketEventDatabase::getEventBlockDatabaseIterator(std::vector<SimBridge::WdbScalarBTree*, std::allocator<SimBridge::WdbScalarBTree*> > const&, std::vector<boost::shared_ptr<SimBridge::WdbIEventBlockIterator>, std::allocator<boost::shared_ptr<SimBridge::WdbIEventBlockIterator> > >&, std::vector<std::vector<SimBridge::WdbScalarBTree*, std::allocator<SimBridge::WdbScalarBTree*> >, std::allocator<std::vector<SimBridge::WdbScalarBTree*, std::allocator<SimBridge::WdbScalarBTree*> > > >&) const+0x691) [0x7f8229168391]
/home/joe/Applications/Vivado/2019.1/lib/lnx64.o/librdi_simbridge_kernel.so(SimBridge::WdbAddressBTreeManager::scanWdbDatabaseMultiThread(std::vector<SimBridge::WdbScalarBTree*, std::allocator<SimBridge::WdbScalarBTree*> > const&, ISIM::IGuiStatus*)+0xc4) [0x7f8229145e14]
/home/joe/Applications/Vivado/2019.1/lib/lnx64.o/librdi_wavedata.so(SimBridge::DataObjMgr::createDrawingBTree(std::vector<SimBridge::IDataObj const*, std::allocator<SimBridge::IDataObj const*> > const&, ISIM::IGuiStatus*, bool)+0x32a) [0x7f8231fe523a]
/home/joe/Applications/Vivado/2019.1/lib/lnx64.o/librdi_wavedata.so(+0x2d9342) [0x7f823209f342]
/home/joe/Applications/Vivado/2019.1/lib/lnx64.o/librdi_wavedata.so(+0x2d95ec) [0x7f823209f5ec]
/home/joe/Applications/Vivado/2019.1/lib/lnx64.o/librdi_wavedata.so(SG_Model::ModelImp::updateData(SG_Model::WVDataObject*, bool)+0x30f) [0x7f823209965f]
/home/joe/Applications/Vivado/2019.1/lib/lnx64.o/librdi_wavedata.so(SG_Model::ModelImp::updateData(SG_Model::WVDataObject*, bool)+0x18f) [0x7f82320994df]
/home/joe/Applications/Vivado/2019.1/lib/lnx64.o/librdi_wavedata.so(SG_Model::ModelImp::updateData(SG_Model::WVDataObject*, bool)+0x18f) [0x7f82320994df]
/home/joe/Applications/Vivado/2019.1/lib/lnx64.o/librdi_wavedata.so(SG_Model::ModelImp::updateData()+0x96b) [0x7f823209a34b]
/home/joe/Applications/Vivado/2019.1/lib/lnx64.o/librdi_wavedata.so(+0x2da2e9) [0x7f82320a02e9]
/home/joe/Applications/Vivado/2019.1/lib/lnx64.o/librdi_wavedata.so(SG_Common::Subject::sendEvent(SG_Common::Event const*) const+0x106) [0x7f8232058c46]
/home/joe/Applications/Vivado/2019.1/lib/lnx64.o/librdi_wavedata.so(+0x2b141b) [0x7f823207741b]
/home/joe/Applications/Vivado/2019.1/lib/lnx64.o/librdi_wavedata.so(SG_Common::Subject::sendEvent(SG_Common::Event const*) const+0x106) [0x7f8232058c46]
/home/joe/Applications/Vivado/2019.1/lib/lnx64.o/librdi_wavedata.so(+0x2b14d4) [0x7f82320774d4]
/home/joe/Applications/Vivado/2019.1/lib/lnx64.o/librdi_wavedata.so(SG_Common::Subject::sendEvent(SG_Common::Event const*) const+0x106) [0x7f8232058c46]
/home/joe/Applications/Vivado/2019.1/lib/lnx64.o/librdi_wavedata.so(SG_Model::LiveDatabase::notifyReconnect()+0x29) [0x7f8232090859]
/home/joe/Applications/Vivado/2019.1/lib/lnx64.o/librdi_simdata.so(RSDData::RSDLiveSimulationObject::startEngineProcess(bool, bool, bool)+0x433) [0x7f8236515873]
/home/joe/Applications/Vivado/2019.1/lib/lnx64.o/librdi_simtcltasks.so(+0x1ebfba) [0x7f81ec17dfba]
/home/joe/Applications/Vivado/2019.1/lib/lnx64.o/librdi_common.so(+0x8068f2) [0x7f826d1d58f2]
/home/joe/Applications/Vivado/2019.1/lib/lnx64.o/libtcl8.5.so(+0x334af) [0x7f82674c54af]
/home/joe/Applications/Vivado/2019.1/lib/lnx64.o/libtcl8.5.so(+0x76875) [0x7f8267508875]
/home/joe/Applications/Vivado/2019.1/lib/lnx64.o/libtcl8.5.so(+0x7e029) [0x7f8267510029]
/home/joe/Applications/Vivado/2019.1/lib/lnx64.o/libtcl8.5.so(TclEvalObjEx+0x76) [0x7f82674c7156]
/home/joe/Applications/Vivado/2019.1/lib/lnx64.o/librdi_common.so(hdi::tcltasks::task_manager::eval_in_tcl(Tcl_Interp*, Tcl_Obj*, char const*, bool)+0xab9) [0x7f826d1d7729]
/home/joe/Applications/Vivado/2019.1/lib/lnx64.o/librdi_common.so(hdi::tcltasks::task_manager::eval_in_tcl(Tcl_Interp*, char const*, char const*, bool)+0x12a) [0x7f826d1d812a]
/home/joe/Applications/Vivado/2019.1/lib/lnx64.o/librdi_common.so(hdi::tcltasks::task_manager::eval_in_tcl_throw(Tcl_Interp*, char const*, char const*, bool)+0x10) [0x7f826d1d8250]
/home/joe/Applications/Vivado/2019.1/lib/lnx64.o/librdi_simtcltasks.so(+0x1e7999) [0x7f81ec179999]
/home/joe/Applications/Vivado/2019.1/lib/lnx64.o/librdi_common.so(+0x8068f2) [0x7f826d1d58f2]
/home/joe/Applications/Vivado/2019.1/lib/lnx64.o/libtcl8.5.so(+0x334af) [0x7f82674c54af]
/home/joe/Applications/Vivado/2019.1/lib/lnx64.o/libtcl8.5.so(+0x76875) [0x7f8267508875]
/home/joe/Applications/Vivado/2019.1/lib/lnx64.o/libtcl8.5.so(+0x7e029) [0x7f8267510029]
/home/joe/Applications/Vivado/2019.1/lib/lnx64.o/libtcl8.5.so(TclEvalObjEx+0x76) [0x7f82674c7156]
/home/joe/Applications/Vivado/2019.1/lib/lnx64.o/librdi_common.so(+0x804e01) [0x7f826d1d3e01]
/home/joe/Applications/Vivado/2019.1/lib/lnx64.o/libtcl8.5.so(Tcl_ServiceEvent+0x7f) [0x7f8267539b0f]
/home/joe/Applications/Vivado/2019.1/lib/lnx64.o/libtcl8.5.so(Tcl_DoOneEvent+0x154) [0x7f8267539e44]
/home/joe/Applications/Vivado/2019.1/lib/lnx64.o/librdi_commontasks.so(+0x231625) [0x7f8261083625]
/home/joe/Applications/Vivado/2019.1/lib/lnx64.o/librdi_commontasks.so(+0x23b163) [0x7f826108d163]
/home/joe/Applications/Vivado/2019.1/lib/lnx64.o/librdi_commontasks.so(+0x23c1fe) [0x7f826108e1fe]
/home/joe/Applications/Vivado/2019.1/lib/lnx64.o/librdi_common.so(+0x8068f2) [0x7f826d1d58f2]
/home/joe/Applications/Vivado/2019.1/lib/lnx64.o/libtcl8.5.so(+0x334af) [0x7f82674c54af]
/home/joe/Applications/Vivado/2019.1/lib/lnx64.o/libtcl8.5.so(+0x76875) [0x7f8267508875]
/home/joe/Applications/Vivado/2019.1/lib/lnx64.o/libtcl8.5.so(+0x7e029) [0x7f8267510029]
/home/joe/Applications/Vivado/2019.1/lib/lnx64.o/libtcl8.5.so(TclEvalObjEx+0x76) [0x7f82674c7156]
/home/joe/Applications/Vivado/2019.1/lib/lnx64.o/librdi_commonmain.so(+0x7424) [0x7f826c7cb424]
/home/joe/Applications/Vivado/2019.1/lib/lnx64.o/libtcl8.5.so(Tcl_Main+0x1d0) [0x7f8267532210]
/home/joe/Applications/Vivado/2019.1/lib/lnx64.o/librdi_common.so(+0x84acab) [0x7f826d219cab]
/lib/x86_64-linux-gnu/libpthread.so.0(+0x76db) [0x7f826bc176db]
/lib/x86_64-linux-gnu/libc.so.6(clone+0x3f) [0x7f826bf5088f]
